2025-08-01T15:54:50.713+05:30  INFO 22236 --- [deutsche-springboot-demo] [restartedMain] [                                                 ] com.deutsche.demo.App                    : Starting App using Java 21 with PID 22236 (D:\VamanPro\Codes\spring-ws\deutsche-springboot-demo-aug-2025\target\classes started by DELL in D:\VamanPro\Codes\spring-ws\deutsche-springboot-demo-aug-2025)
2025-08-01T15:54:50.724+05:30  INFO 22236 --- [deutsche-springboot-demo] [restartedMain] [                                                 ] com.deutsche.demo.App                    : No active profile set, falling back to 1 default profile: "default"
2025-08-01T15:54:50.781+05:30  INFO 22236 --- [deutsche-springboot-demo] [restartedMain] [                                                 ] .e.DevToolsPropertyDefaultsPostProcessor : Devtools property defaults active! Set 'spring.devtools.add-properties' to 'false' to disable
2025-08-01T15:54:50.781+05:30  INFO 22236 --- [deutsche-springboot-demo] [restartedMain] [                                                 ] .e.DevToolsPropertyDefaultsPostProcessor : For additional web related logging consider setting the 'logging.level.web' property to 'DEBUG'
2025-08-01T15:54:52.760+05:30  INFO 22236 --- [deutsche-springboot-demo] [restartedMain] [                                                 ] .s.d.r.c.RepositoryConfigurationDelegate : Bootstrapping Spring Data JPA repositories in DEFAULT mode.
2025-08-01T15:54:52.854+05:30  INFO 22236 --- [deutsche-springboot-demo] [restartedMain] [                                                 ] .s.d.r.c.RepositoryConfigurationDelegate : Finished Spring Data repository scanning in 76 ms. Found 1 JPA repository interface.
2025-08-01T15:54:53.924+05:30  INFO 22236 --- [deutsche-springboot-demo] [restartedMain] [                                                 ] o.s.b.w.embedded.tomcat.TomcatWebServer  : Tomcat initialized with port 8090 (http)
2025-08-01T15:54:53.949+05:30  INFO 22236 --- [deutsche-springboot-demo] [restartedMain] [                                                 ] o.apache.catalina.core.StandardService   : Starting service [Tomcat]
2025-08-01T15:54:53.950+05:30  INFO 22236 --- [deutsche-springboot-demo] [restartedMain] [                                                 ] o.apache.catalina.core.StandardEngine    : Starting Servlet engine: [Apache Tomcat/10.1.43]
2025-08-01T15:54:54.053+05:30  INFO 22236 --- [deutsche-springboot-demo] [restartedMain] [                                                 ] o.a.c.c.C.[.[localhost].[/api/v1]        : Initializing Spring embedded WebApplicationContext
2025-08-01T15:54:54.053+05:30  INFO 22236 --- [deutsche-springboot-demo] [restartedMain] [                                                 ] w.s.c.ServletWebServerApplicationContext : Root WebApplicationContext: initialization completed in 3271 ms
2025-08-01T15:54:54.931+05:30  INFO 22236 --- [deutsche-springboot-demo] [restartedMain] [                                                 ] o.hibernate.jpa.internal.util.LogHelper  : HHH000204: Processing PersistenceUnitInfo [name: default]
2025-08-01T15:54:55.054+05:30  INFO 22236 --- [deutsche-springboot-demo] [restartedMain] [                                                 ] org.hibernate.Version                    : HHH000412: Hibernate ORM core version 6.6.22.Final
2025-08-01T15:54:55.124+05:30  INFO 22236 --- [deutsche-springboot-demo] [restartedMain] [                                                 ] o.h.c.internal.RegionFactoryInitiator    : HHH000026: Second-level cache disabled
2025-08-01T15:54:55.423+05:30  INFO 22236 --- [deutsche-springboot-demo] [restartedMain] [                                                 ] o.s.o.j.p.SpringPersistenceUnitInfo      : No LoadTimeWeaver setup: ignoring JPA class transformer
2025-08-01T15:54:55.453+05:30  INFO 22236 --- [deutsche-springboot-demo] [restartedMain] [                                                 ] com.zaxxer.hikari.HikariDataSource       : HikariPool-1 - Starting...
2025-08-01T15:54:55.752+05:30  INFO 22236 --- [deutsche-springboot-demo] [restartedMain] [                                                 ] com.zaxxer.hikari.pool.HikariPool        : HikariPool-1 - Added connection com.mysql.cj.jdbc.ConnectionImpl@1c06ee50
2025-08-01T15:54:55.753+05:30  INFO 22236 --- [deutsche-springboot-demo] [restartedMain] [                                                 ] com.zaxxer.hikari.HikariDataSource       : HikariPool-1 - Start completed.
2025-08-01T15:54:55.854+05:30  INFO 22236 --- [deutsche-springboot-demo] [restartedMain] [                                                 ] org.hibernate.orm.connections.pooling    : HHH10001005: Database info:
	Database JDBC URL [Connecting through datasource 'HikariDataSource (HikariPool-1)']
	Database driver: undefined/unknown
	Database version: 8.0.43
	Autocommit mode: undefined/unknown
	Isolation level: undefined/unknown
	Minimum pool size: undefined/unknown
	Maximum pool size: undefined/unknown
2025-08-01T15:54:56.702+05:30  INFO 22236 --- [deutsche-springboot-demo] [restartedMain] [                                                 ] o.h.e.t.j.p.i.JtaPlatformInitiator       : HHH000489: No JTA platform available (set 'hibernate.transaction.jta.platform' to enable JTA platform integration)
2025-08-01T15:54:56.782+05:30  INFO 22236 --- [deutsche-springboot-demo] [restartedMain] [                                                 ] j.LocalContainerEntityManagerFactoryBean : Initialized JPA EntityManagerFactory for persistence unit 'default'
2025-08-01T15:54:57.432+05:30  WARN 22236 --- [deutsche-springboot-demo] [restartedMain] [                                                 ] JpaBaseConfiguration$JpaWebConfiguration : spring.jpa.open-in-view is enabled by default. Therefore, database queries may be performed during view rendering. Explicitly configure spring.jpa.open-in-view to disable this warning
2025-08-01T15:54:57.605+05:30  INFO 22236 --- [deutsche-springboot-demo] [restartedMain] [                                                 ] r$InitializeUserDetailsManagerConfigurer : Global AuthenticationManager configured with UserDetailsService bean with name userDetailsService
2025-08-01T15:54:58.998+05:30  INFO 22236 --- [deutsche-springboot-demo] [restartedMain] [                                                 ] o.s.b.a.e.web.EndpointLinksResolver      : Exposing 14 endpoints beneath base path '/actuator'
2025-08-01T15:54:59.106+05:30  INFO 22236 --- [deutsche-springboot-demo] [restartedMain] [                                                 ] o.s.b.d.a.OptionalLiveReloadServer       : LiveReload server is running on port 35729
2025-08-01T15:54:59.242+05:30  INFO 22236 --- [deutsche-springboot-demo] [restartedMain] [                                                 ] o.s.b.w.embedded.tomcat.TomcatWebServer  : Tomcat started on port 8090 (http) with context path '/api/v1'
2025-08-01T15:54:59.262+05:30  INFO 22236 --- [deutsche-springboot-demo] [restartedMain] [                                                 ] com.deutsche.demo.App                    : Started App in 9.075 seconds (process running for 20.462)
2025-08-01T15:54:59.451+05:30  INFO 22236 --- [deutsche-springboot-demo] [restartedMain] [                                                 ] com.deutsche.demo.App                    : Started
2025-08-01T15:55:16.335+05:30  INFO 22236 --- [deutsche-springboot-demo] [http-nio-8090-exec-1] [                                                 ] o.a.c.c.C.[.[localhost].[/api/v1]        : Initializing Spring DispatcherServlet 'dispatcherServlet'
2025-08-01T15:55:16.335+05:30  INFO 22236 --- [deutsche-springboot-demo] [http-nio-8090-exec-1] [                                                 ] o.s.web.servlet.DispatcherServlet        : Initializing Servlet 'dispatcherServlet'
2025-08-01T15:55:16.342+05:30  INFO 22236 --- [deutsche-springboot-demo] [http-nio-8090-exec-1] [                                                 ] o.s.web.servlet.DispatcherServlet        : Completed initialization in 5 ms
2025-08-01T15:55:17.679+05:30  WARN 22236 --- [deutsche-springboot-demo] [AsyncReporter{ZipkinHttpClientSender{http://localhost:9411/api/v2/spans}}] [                                                 ] z.r.i.AsyncReporter$BoundedAsyncReporter : Spans were dropped due to exceptions. All subsequent errors will be logged at FINE level.
2025-08-01T15:55:17.680+05:30  WARN 22236 --- [deutsche-springboot-demo] [AsyncReporter{ZipkinHttpClientSender{http://localhost:9411/api/v2/spans}}] [                                                 ] z.r.i.AsyncReporter$BoundedAsyncReporter : Dropped 7 spans due to ConnectException()

java.net.ConnectException: null
	at java.net.http/jdk.internal.net.http.HttpClientImpl.send(HttpClientImpl.java:951) ~[java.net.http:na]
	at java.net.http/jdk.internal.net.http.HttpClientFacade.send(HttpClientFacade.java:133) ~[java.net.http:na]
	at org.springframework.boot.actuate.autoconfigure.tracing.zipkin.ZipkinHttpClientSender.postSpans(ZipkinHttpClientSender.java:60) ~[spring-boot-actuator-autoconfigure-3.5.4.jar:3.5.4]
	at org.springframework.boot.actuate.autoconfigure.tracing.zipkin.HttpSender.postSpans(HttpSender.java:69) ~[spring-boot-actuator-autoconfigure-3.5.4.jar:3.5.4]
	at org.springframework.boot.actuate.autoconfigure.tracing.zipkin.HttpSender.postSpans(HttpSender.java:41) ~[spring-boot-actuator-autoconfigure-3.5.4.jar:3.5.4]
	at zipkin2.reporter.BaseHttpSender.send(BaseHttpSender.java:123) ~[zipkin-reporter-3.5.1.jar:na]
	at zipkin2.reporter.internal.AsyncReporter$BoundedAsyncReporter.flush(AsyncReporter.java:266) ~[zipkin-reporter-3.5.1.jar:na]
	at zipkin2.reporter.internal.AsyncReporter$Flusher.run(AsyncReporter.java:352) ~[zipkin-reporter-3.5.1.jar:na]
	at java.base/java.lang.Thread.run(Thread.java:1583) ~[na:na]
Caused by: java.net.ConnectException: null
	at java.net.http/jdk.internal.net.http.common.Utils.toConnectException(Utils.java:1028) ~[java.net.http:na]
	at java.net.http/jdk.internal.net.http.PlainHttpConnection.connectAsync(PlainHttpConnection.java:227) ~[java.net.http:na]
	at java.net.http/jdk.internal.net.http.PlainHttpConnection.checkRetryConnect(PlainHttpConnection.java:280) ~[java.net.http:na]
	at java.net.http/jdk.internal.net.http.PlainHttpConnection.lambda$connectAsync$2(PlainHttpConnection.java:238) ~[java.net.http:na]
	at java.base/java.util.concurrent.CompletableFuture.uniHandle(CompletableFuture.java:934) ~[na:na]
	at java.base/java.util.concurrent.CompletableFuture$UniHandle.tryFire(CompletableFuture.java:911) ~[na:na]
	at java.base/java.util.concurrent.CompletableFuture.postComplete(CompletableFuture.java:510) ~[na:na]
	at java.base/java.util.concurrent.CompletableFuture$AsyncSupply.run(CompletableFuture.java:1773) ~[na:na]
	at java.base/java.util.concurrent.ThreadPoolExecutor.runWorker(ThreadPoolExecutor.java:1144) ~[na:na]
	at java.base/java.util.concurrent.ThreadPoolExecutor$Worker.run(ThreadPoolExecutor.java:642) ~[na:na]
	... 1 common frames omitted
Caused by: java.nio.channels.ClosedChannelException: null
	at java.base/sun.nio.ch.SocketChannelImpl.ensureOpen(SocketChannelImpl.java:202) ~[na:na]
	at java.base/sun.nio.ch.SocketChannelImpl.beginConnect(SocketChannelImpl.java:786) ~[na:na]
	at java.base/sun.nio.ch.SocketChannelImpl.connect(SocketChannelImpl.java:874) ~[na:na]
	at java.net.http/jdk.internal.net.http.PlainHttpConnection.lambda$connectAsync$1(PlainHttpConnection.java:210) ~[java.net.http:na]
	at java.base/java.security.AccessController.doPrivileged(AccessController.java:571) ~[na:na]
	at java.net.http/jdk.internal.net.http.PlainHttpConnection.connectAsync(PlainHttpConnection.java:212) ~[java.net.http:na]
	... 9 common frames omitted

2025-08-01T15:55:23.517+05:30  INFO 22236 --- [deutsche-springboot-demo] [http-nio-8090-exec-3] [688c96121d6bed3d799fa56a9b9a9ebd-dfe51904352ec52f] o.springdoc.api.AbstractOpenApiResource  : Init duration for springdoc-openapi is: 677 ms
2025-08-01T15:55:32.381+05:30  INFO 22236 --- [deutsche-springboot-demo] [http-nio-8090-exec-8] [688c961c09b96af04154de7520c43814-fc924b31f813853c] c.d.demo.controller.HelloController      : hello
2025-08-01T15:55:44.133+05:30  INFO 22236 --- [deutsche-springboot-demo] [http-nio-8090-exec-7] [688c9627d4c1c45e2d2f35b1e67aa19f-8ad0f9a4f3063248] c.d.demo.controller.EmployeeController   : Employee id: 1
2025-08-01T15:55:44.135+05:30  INFO 22236 --- [deutsche-springboot-demo] [http-nio-8090-exec-7] [688c9627d4c1c45e2d2f35b1e67aa19f-8ad0f9a4f3063248] c.deutsche.demo.service.EmployeeService  : Employee with the id 1
2025-08-01T15:56:59.200+05:30  INFO 22236 --- [deutsche-springboot-demo] [SpringApplicationShutdownHook] [                                                 ] o.s.b.w.e.tomcat.GracefulShutdown        : Commencing graceful shutdown. Waiting for active requests to complete
2025-08-01T15:56:59.210+05:30  INFO 22236 --- [deutsche-springboot-demo] [tomcat-shutdown] [                                                 ] o.s.b.w.e.tomcat.GracefulShutdown        : Graceful shutdown complete
2025-08-01T15:56:59.217+05:30  INFO 22236 --- [deutsche-springboot-demo] [SpringApplicationShutdownHook] [                                                 ] j.LocalContainerEntityManagerFactoryBean : Closing JPA EntityManagerFactory for persistence unit 'default'
2025-08-01T15:56:59.221+05:30  INFO 22236 --- [deutsche-springboot-demo] [SpringApplicationShutdownHook] [                                                 ] com.zaxxer.hikari.HikariDataSource       : HikariPool-1 - Shutdown initiated...
2025-08-01T15:56:59.229+05:30  INFO 22236 --- [deutsche-springboot-demo] [SpringApplicationShutdownHook] [                                                 ] com.zaxxer.hikari.HikariDataSource       : HikariPool-1 - Shutdown completed.
